<?xml version="1.0" encoding="UTF-8"?>
<!-- Generated by org.testng.reporters.JUnitReportReporter -->
<testsuite hostname="DESKTOP-90VI08A" name="api.Topic_01_Check_Environment" tests="3" failures="0" timestamp="17 Nov 2020 02:57:20 GMT" time="0.129" errors="0">
  <testcase name="TC_03_LoginFormDisplayed" time="0.091" classname="api.Topic_01_Check_Environment"/>
  <testcase name="TC_02_ValidatePageTitle" time="0.016" classname="api.Topic_01_Check_Environment"/>
  <testcase name="TC_01_ValidateCurrentUrl" time="0.022" classname="api.Topic_01_Check_Environment"/>
</testsuite> <!-- api.Topic_01_Check_Environment -->
